-------------------------------------------------------------------------------
Test set: com.twk.nccommunity.MapperTest
-------------------------------------------------------------------------------
Tests run: 1, Failures: 1, Errors: 0, Skipped: 0, Time elapsed: 0 sec <<< FAILURE!
com.twk.nccommunity.MapperTest.testMessage()  Time elapsed: 0 sec  <<< FAILURE!
java.lang.NullPointerException
	at com.twk.nccommunity.MapperTest.testMessage(MapperTest.java:35)

