<?xml version="1.0" encoding="UTF-8" ?>
<testsuite tests="3" failures="3" name="com.twk.nccommunity.RedisTest" time="0" errors="0" skipped="0">
  <properties>
[...]
</properties>
  <testcase classname="com.twk.nccommunity.RedisTest" name="com.twk.nccommunity.RedisTest.testValue" time="0">
    <failure type="java.lang.NullPointerException">java.lang.NullPointerException
	at com.twk.nccommunity.RedisTest.testValue(RedisTest.java:23)
</failure>
  </testcase>
  <testcase classname="com.twk.nccommunity.RedisTest" name="com.twk.nccommunity.RedisTest.testHash" time="0">
    <failure type="java.lang.NullPointerException">java.lang.NullPointerException
	at com.twk.nccommunity.RedisTest.testHash(RedisTest.java:33)
</failure>
  </testcase>
  <testcase classname="com.twk.nccommunity.RedisTest" name="com.twk.nccommunity.RedisTest.testTransactional" time="0">
    <failure type="java.lang.NullPointerException">java.lang.NullPointerException
	at com.twk.nccommunity.RedisTest.testTransactional(RedisTest.java:42)
</failure>
  </testcase>
</testsuite>